<?xml version="1.0" encoding="UTF-8"?>
<!-- Generated by org.testng.reporters.JUnitReportReporter -->
<testsuite hostname="LAPTOP-LJ22SJA1" failures="0" tests="4" name="com.swt.parallel.Test3" time="0.005" errors="0" timestamp="14 Jul 2023 01:25:00 GMT">
  <testcase classname="com.swt.parallel.Test3" name="testMethod10" time="0.002"/>
  <testcase classname="com.swt.parallel.Test3" name="testMethod12" time="0.002"/>
  <testcase classname="com.swt.parallel.Test3" name="testMethod13" time="0.000"/>
  <testcase classname="com.swt.parallel.Test3" name="testMethod11" time="0.001"/>
</testsuite> <!-- com.swt.parallel.Test3 -->
