<?xml version="1.0" encoding="UTF-8"?>
<!-- Generated by org.testng.reporters.JUnitReportReporter -->
<testsuite hostname="LAPTOP-LJ22SJA1" failures="0" tests="1" name="com.swt.function.TestFunctionTestNG" time="0.008" errors="0" timestamp="14 Jul 2023 01:20:26 GMT">
  <testcase classname="com.swt.function.TestFunctionTestNG" name="givenNumber_whenEven_thenTrue" time="0.008"/>
</testsuite> <!-- com.swt.function.TestFunctionTestNG -->
