<?xml version="1.0" encoding="UTF-8"?>
<!-- Generated by org.testng.reporters.JUnitReportReporter -->
<testsuite hostname="LAPTOP-LJ22SJA1" failures="0" tests="1" name="Function.TestFunctionTestNG" time="32.544" errors="0" timestamp="11 Jul 2023 07:35:06 GMT">
  <testcase classname="Function.TestFunctionTestNG" name="testLogin" time="32.544"/>
</testsuite> <!-- Function.TestFunctionTestNG -->
