<?xml version="1.0" encoding="UTF-8"?>
<!-- Generated by org.testng.reporters.JUnitReportReporter -->
<testsuite hostname="LAPTOP-LJ22SJA1" failures="0" tests="5" name="com.swt.parallel.Test2" time="0.010" errors="0" timestamp="14 Jul 2023 01:25:00 GMT">
  <testcase classname="com.swt.parallel.Test2" name="testMethod5" time="0.003"/>
  <testcase classname="com.swt.parallel.Test2" name="testMethod8" time="0.002"/>
  <testcase classname="com.swt.parallel.Test2" name="testMethod7" time="0.003"/>
  <testcase classname="com.swt.parallel.Test2" name="testMethod9" time="0.001"/>
  <testcase classname="com.swt.parallel.Test2" name="testMethod6" time="0.001"/>
</testsuite> <!-- com.swt.parallel.Test2 -->
